#
# A fatal error has been detected by the Java Runtime Environment:
#
#  SIGSEGV (0xb) at pc=0x00007fff61b8cfc9, pid=4375, tid=0x0000000000001903
#
# JRE version: Java(TM) SE Runtime Environment (8.0_121-b13) (build 1.8.0_121-b13)
# Java VM: Java HotSpot(TM) 64-Bit Server VM (25.121-b13 mixed mode bsd-amd64 compressed oops)
# Problematic frame:
# C  [libsystem_platform.dylib+0x4fc9]  _platform_memmove$VARIANT$Haswell+0xa9
#
# Failed to write core dump. Core dumps have been disabled. To enable core dumping, try "ulimit -c unlimited" before starting Java again
#
# If you would like to submit a bug report, please visit:
#   http://bugreport.java.com/bugreport/crash.jsp
# The crash happened outside the Java Virtual Machine in native code.
# See problematic frame for where to report the bug.
#

---------------  T H R E A D  ---------------

Current thread (0x00007fde34002000):  JavaThread "main" [_thread_in_native, id=6403, stack(0x00007000073a5000,0x00007000074a5000)]

siginfo: si_signo: 11 (SIGSEGV), si_code: 1 (SEGV_MAPERR), si_addr: 0x0000000000000000

Registers:
RAX=0x000000011ec220c0, RBX=0x00007fde342380e8, RCX=0x0000000000000002, RDX=0x0000000000000008
RSP=0x00007000074a4410, RBP=0x00007000074a4410, RSI=0x0000000000000000, RDI=0x000000011ec220c0
R8 =0x1113000006400000, R9 =0x0000000000000000, R10=0x0000000000000000, R11=0x000000011ec220c0
R12=0x0000000000000000, R13=0x00007fde34237d08, R14=0x00007fde3422dc30, R15=0x0000000000000004
RIP=0x00007fff61b8cfc9, EFLAGS=0x0000000000010212, ERR=0x0000000000000004
  TRAPNO=0x000000000000000e

Top of Stack: (sp=0x00007000074a4410)
0x00007000074a4410:   00007000074a44d0 000000011d142553
0x00007000074a4420:   f9f157f23695000d 0000000000000010
0x00007000074a4430:   00007fde3422dc30 0000000000000004
0x00007000074a4440:   0000000000000005 00007fde35001920
0x00007000074a4450:   00007000074a4480 0000000000000004
0x00007000074a4460:   0000000000000004 0000000000000000
0x00007000074a4470:   00007fde7fffff00 0000000000000030
0x00007000074a4480:   00000000074a44c0 00007fff00000000
0x00007000074a4490:   00007fde3422ce00 0000000400000002
0x00007000074a44a0:   00007fde34237d08 00007fde36800028
0x00007000074a44b0:   00007fde35001400 0000000000000004
0x00007000074a44c0:   00007000074a4630 0000000000000004
0x00007000074a44d0:   00007000074a4550 00007fff44372b76
0x00007000074a44e0:   0000000000000000 0000000000000001
0x00007000074a44f0:   0000000000000000 00007fff44372b30
0x00007000074a4500:   00007fde34002000 0000000108b87910
0x00007000074a4510:   00007fde34002000 0000000108b87910
0x00007000074a4520:   00007fde36800000 0000000108b87910
0x00007000074a4530:   0000000000000000 0000000108b87910
0x00007000074a4540:   00007000074a4630 00007fde34002000
0x00007000074a4550:   00007000074a45e0 00000001096da9f4
0x00007000074a4560:   00007fff4374e7a4 00007fde34002000
0x00007000074a4570:   0000000108b87910 00007000074a4630
0x00007000074a4580:   00007000074a45e0 00000001096da779
0x00007000074a4590:   00000001096e69a3 00000001096da742
0x00007000074a45a0:   00007000074a45a0 0000000108b87910
0x00007000074a45b0:   00007000074a4630 0000000108b9ec28
0x00007000074a45c0:   0000000000000000 0000000108b87910
0x00007000074a45d0:   0000000000000000 00007000074a4600
0x00007000074a45e0:   00007000074a4678 00000001096cb2bd
0x00007000074a45f0:   0000000795ea7980 00000001096d4538
0x00007000074a4600:   00007fff4374e7a4 0000000108be8728 

Instructions: (pc=0x00007fff61b8cfc9)
0x00007fff61b8cfa9:   c5 f8 10 06 c5 f8 11 07 c5 f8 57 c0 c5 f8 11 0c
0x00007fff61b8cfb9:   17 c5 f0 57 c9 5d c5 f8 77 c3 48 83 ea 08 72 10
0x00007fff61b8cfc9:   48 8b 0e 4c 8b 04 16 48 89 0f 4c 89 04 17 5d c3
0x00007fff61b8cfd9:   48 83 c2 08 74 25 4d 31 c0 42 8a 0c 06 42 88 0c 

Register to memory mapping:

RAX=0x000000011ec220c0 is an unknown value
RBX=0x00007fde342380e8 is an unknown value
RCX=0x0000000000000002 is an unknown value
RDX=0x0000000000000008 is an unknown value
RSP=0x00007000074a4410 is pointing into the stack for thread: 0x00007fde34002000
RBP=0x00007000074a4410 is pointing into the stack for thread: 0x00007fde34002000
RSI=0x0000000000000000 is an unknown value
RDI=0x000000011ec220c0 is an unknown value
R8 =0x1113000006400000 is an unknown value
R9 =0x0000000000000000 is an unknown value
R10=0x0000000000000000 is an unknown value
R11=0x000000011ec220c0 is an unknown value
R12=0x0000000000000000 is an unknown value
R13=0x00007fde34237d08 is an unknown value
R14=0x00007fde3422dc30 is an unknown value
R15=0x0000000000000004 is an unknown value


Stack: [0x00007000073a5000,0x00007000074a5000],  sp=0x00007000074a4410,  free space=1021k
Native frames: (J=compiled Java code, j=interpreted, Vv=VM code, C=native code)
C  [libsystem_platform.dylib+0x4fc9]  _platform_memmove$VARIANT$Haswell+0xa9
C  [AppleIntelBDWGraphicsGLDriver+0xc553]  glrIntelRenderVertexArray+0x76a
C  [GLEngine+0xabb76]  glDrawElements_GL3Exec+0x118
j  org.lwjgl.opengl.GL11.nglDrawElementsBO(IIIJJ)V+0
j  org.lwjgl.opengl.GL11.glDrawElements(IIIJ)V+28
j  com.base.engine.Mesh.draw()V+43
j  com.base.engine.Game.render()V+27
j  com.base.engine.MainComponent.render()V+7
j  com.base.engine.MainComponent.run()V+166
j  com.base.engine.MainComponent.start()V+9
j  com.base.engine.MainComponent.main([Ljava/lang/String;)V+20
v  ~StubRoutines::call_stub
V  [libjvm.dylib+0x2ed9d6]  JavaCalls::call_helper(JavaValue*, methodHandle*, JavaCallArguments*, Thread*)+0x6ae
V  [libjvm.dylib+0x3247ce]  jni_invoke_static(JNIEnv_*, JavaValue*, _jobject*, JNICallType, _jmethodID*, JNI_ArgumentPusher*, Thread*)+0x1bf
V  [libjvm.dylib+0x31d545]  jni_CallStaticVoidMethod+0x15d
C  [java+0x3931]  JavaMain+0x9c4
C  [libsystem_pthread.dylib+0x36c1]  _pthread_body+0x154
C  [libsystem_pthread.dylib+0x356d]  _pthread_body+0x0
C  [libsystem_pthread.dylib+0x2c5d]  thread_start+0xd
C  0x0000000000000000

Java frames: (J=compiled Java code, j=interpreted, Vv=VM code)
j  org.lwjgl.opengl.GL11.nglDrawElementsBO(IIIJJ)V+0
j  org.lwjgl.opengl.GL11.glDrawElements(IIIJ)V+28
j  com.base.engine.Mesh.draw()V+43
j  com.base.engine.Game.render()V+27
j  com.base.engine.MainComponent.render()V+7
j  com.base.engine.MainComponent.run()V+166
j  com.base.engine.MainComponent.start()V+9
j  com.base.engine.MainComponent.main([Ljava/lang/String;)V+20
v  ~StubRoutines::call_stub

---------------  P R O C E S S  ---------------

Java Threads: ( => current thread )
  0x00007fde328fa000 JavaThread "AWT-Shutdown" [_thread_blocked, id=39979, stack(0x0000700008355000,0x0000700008455000)]
  0x00007fde3417e800 JavaThread "AppKit Thread" daemon [_thread_in_native, id=775, stack(0x00007ffeed5e2000,0x00007ffeedde2000)]
  0x00007fde3383a000 JavaThread "Service Thread" daemon [_thread_blocked, id=15363, stack(0x00007000080cc000,0x00007000081cc000)]
  0x00007fde34112000 JavaThread "C1 CompilerThread2" daemon [_thread_blocked, id=18435, stack(0x0000700007fc9000,0x00007000080c9000)]
  0x00007fde32819800 JavaThread "C2 CompilerThread1" daemon [_thread_blocked, id=14595, stack(0x0000700007ec6000,0x0000700007fc6000)]
  0x00007fde3382c000 JavaThread "C2 CompilerThread0" daemon [_thread_blocked, id=18691, stack(0x0000700007dc3000,0x0000700007ec3000)]
  0x00007fde33071800 JavaThread "Monitor Ctrl-Break" daemon [_thread_in_native, id=19203, stack(0x0000700007cc0000,0x0000700007dc0000)]
  0x00007fde34000800 JavaThread "Signal Dispatcher" daemon [_thread_blocked, id=19719, stack(0x0000700007bbd000,0x0000700007cbd000)]
  0x00007fde3380b000 JavaThread "Finalizer" daemon [_thread_blocked, id=12035, stack(0x0000700007aba000,0x0000700007bba000)]
  0x00007fde32828800 JavaThread "Reference Handler" daemon [_thread_blocked, id=11779, stack(0x00007000079b7000,0x0000700007ab7000)]
=>0x00007fde34002000 JavaThread "main" [_thread_in_native, id=6403, stack(0x00007000073a5000,0x00007000074a5000)]

Other Threads:
  0x00007fde33808000 VMThread [stack: 0x00007000078b4000,0x00007000079b4000] [id=21507]
  0x00007fde34036800 WatcherThread [stack: 0x00007000081cf000,0x00007000082cf000] [id=15875]

VM state:not at safepoint (normal execution)

VM Mutex/Monitor currently owned by a thread: None

Heap:
 PSYoungGen      total 38400K, used 10976K [0x0000000795580000, 0x0000000798000000, 0x00000007c0000000)
  eden space 33280K, 32% used [0x0000000795580000,0x0000000796038260,0x0000000797600000)
  from space 5120K, 0% used [0x0000000797b00000,0x0000000797b00000,0x0000000798000000)
  to   space 5120K, 0% used [0x0000000797600000,0x0000000797600000,0x0000000797b00000)
 ParOldGen       total 87552K, used 0K [0x0000000740000000, 0x0000000745580000, 0x0000000795580000)
  object space 87552K, 0% used [0x0000000740000000,0x0000000740000000,0x0000000745580000)
 Metaspace       used 6617K, capacity 6747K, committed 6912K, reserved 1056768K
  class space    used 675K, capacity 728K, committed 768K, reserved 1048576K

Card table byte_map: [0x0000000103b62000,0x0000000103f63000] byte_map_base: 0x0000000100162000

Marking Bits: (ParMarkBitMap*) 0x00000001030f0d30
 Begin Bits: [0x000000010420e000, 0x000000010620e000)
 End Bits:   [0x000000010620e000, 0x000000010820e000)

Polling page: 0x0000000101e9a000

CodeCache: size=245760Kb used=2047Kb max_used=2047Kb free=243712Kb
 bounds [0x00000001096c3000, 0x0000000109933000, 0x00000001186c3000]
 total_blobs=828 nmethods=445 adapters=297
 compilation: enabled

Compilation events (10 events):
Event: 3.032 Thread 0x00007fde34112000  440   !   3       org.lwjgl.input.Keyboard::isKeyDown (45 bytes)
Event: 3.032 Thread 0x00007fde34112000 nmethod 440 0x00000001098c0150 code [0x00000001098c0300, 0x00000001098c0988]
Event: 3.032 Thread 0x00007fde34112000  442       3       com.base.engine.Input::getMouse (5 bytes)
Event: 3.032 Thread 0x00007fde34112000 nmethod 442 0x00000001098bfdd0 code [0x00000001098bff40, 0x00000001098c00a8]
Event: 3.032 Thread 0x00007fde34112000  443   !   3       org.lwjgl.input.Mouse::isButtonDown (61 bytes)
Event: 3.033 Thread 0x00007fde34112000 nmethod 443 0x00000001098c27d0 code [0x00000001098c2980, 0x00000001098c2f98]
Event: 3.033 Thread 0x00007fde34112000  444       3       java.io.InputStream::<init> (5 bytes)
Event: 3.033 Thread 0x00007fde34112000 nmethod 444 0x00000001098bf950 code [0x00000001098bfac0, 0x00000001098bfc70]
Event: 3.034 Thread 0x00007fde34112000  445       3       com.base.engine.Matrix4f::get (9 bytes)
Event: 3.034 Thread 0x00007fde34112000 nmethod 445 0x00000001098c3250 code [0x00000001098c33c0, 0x00000001098c3570]

GC Heap History (0 events):
No events

Deoptimization events (0 events):
No events

Internal exceptions (10 events):
Event: 0.063 Thread 0x00007fde34002000 Exception <a 'java/lang/NoSuchMethodError': Method sun.misc.Unsafe.defineClass(Ljava/lang/String;[BII)Ljava/lang/Class; name or signature does not match> (0x0000000795587ca8) thrown at [/Users/java_re/workspace/8-2-build-macosx-x86_64/jdk8u121/8372/hotspo
Event: 0.063 Thread 0x00007fde34002000 Exception <a 'java/lang/NoSuchMethodError': Method sun.misc.Unsafe.prefetchRead(Ljava/lang/Object;J)V name or signature does not match> (0x0000000795587f90) thrown at [/Users/java_re/workspace/8-2-build-macosx-x86_64/jdk8u121/8372/hotspot/src/share/vm/pri
Event: 0.246 Thread 0x00007fde34002000 Exception <a 'java/security/PrivilegedActionException'> (0x00000007959375c8) thrown at [/Users/java_re/workspace/8-2-build-macosx-x86_64/jdk8u121/8372/hotspot/src/share/vm/prims/jvm.cpp, line 1390]
Event: 0.246 Thread 0x00007fde34002000 Exception <a 'java/security/PrivilegedActionException'> (0x00000007959377d8) thrown at [/Users/java_re/workspace/8-2-build-macosx-x86_64/jdk8u121/8372/hotspot/src/share/vm/prims/jvm.cpp, line 1390]
Event: 0.247 Thread 0x00007fde34002000 Exception <a 'java/security/PrivilegedActionException'> (0x000000079593acf0) thrown at [/Users/java_re/workspace/8-2-build-macosx-x86_64/jdk8u121/8372/hotspot/src/share/vm/prims/jvm.cpp, line 1390]
Event: 0.247 Thread 0x00007fde34002000 Exception <a 'java/security/PrivilegedActionException'> (0x000000079593af00) thrown at [/Users/java_re/workspace/8-2-build-macosx-x86_64/jdk8u121/8372/hotspot/src/share/vm/prims/jvm.cpp, line 1390]
Event: 0.328 Thread 0x00007fde34002000 Exception <a 'java/lang/NoSuchFieldError': method resolution failed> (0x0000000795a6dd28) thrown at [/Users/java_re/workspace/8-2-build-macosx-x86_64/jdk8u121/8372/hotspot/src/share/vm/prims/methodHandles.cpp, line 1146]
Event: 0.333 Thread 0x00007fde34002000 Exception <a 'java/lang/NoSuchFieldError': method resolution failed> (0x0000000795a7bd18) thrown at [/Users/java_re/workspace/8-2-build-macosx-x86_64/jdk8u121/8372/hotspot/src/share/vm/prims/methodHandles.cpp, line 1146]
Event: 2.846 Thread 0x00007fde34002000 Exception <a 'java/io/FileNotFoundException'> (0x0000000795b1eb90) thrown at [/Users/java_re/workspace/8-2-build-macosx-x86_64/jdk8u121/8372/hotspot/src/share/vm/prims/jni.cpp, line 709]
Event: 2.846 Thread 0x00007fde34002000 Exception <a 'java/io/FileNotFoundException'> (0x0000000795b1f740) thrown at [/Users/java_re/workspace/8-2-build-macosx-x86_64/jdk8u121/8372/hotspot/src/share/vm/prims/jni.cpp, line 709]

Events (10 events):
Event: 3.022 loading class com/base/engine/ResourceLoader
Event: 3.022 loading class com/base/engine/ResourceLoader done
Event: 3.027 loading class com/base/engine/Time
Event: 3.027 loading class com/base/engine/Time done
Event: 3.029 loading class com/base/engine/Input
Event: 3.029 loading class com/base/engine/Input done
Event: 3.033 loading class com/base/engine/Matrix4f
Event: 3.033 loading class com/base/engine/Matrix4f done
Event: 3.034 loading class org/lwjgl/opengl/GLChecks
Event: 3.034 loading class org/lwjgl/opengl/GLChecks done


Dynamic libraries:
0x00000000125c4000 	/System/Library/Frameworks/Cocoa.framework/Versions/A/Cocoa
0x00000000125c4000 	/System/Library/Frameworks/Security.framework/Versions/A/Security
0x00000000125c4000 	/System/Library/Frameworks/ApplicationServices.framework/Versions/A/ApplicationServices
0x00000000125c4000 	/usr/lib/libz.1.dylib
0x00000000125c4000 	/usr/lib/libSystem.B.dylib
0x00000000125c4000 	/usr/lib/libobjc.A.dylib
0x00000000125c4000 	/System/Library/Frameworks/CoreFoundation.framework/Versions/A/CoreFoundation
0x00000000125c4000 	/System/Library/Frameworks/Foundation.framework/Versions/C/Foundation
0x00000000125c4000 	/System/Library/Frameworks/AppKit.framework/Versions/C/AppKit
0x00000000125c4000 	/System/Library/Frameworks/CoreData.framework/Versions/A/CoreData
0x00000000125c4000 	/System/Library/PrivateFrameworks/RemoteViewServices.framework/Versions/A/RemoteViewServices
0x00000000125c4000 	/System/Library/PrivateFrameworks/UIFoundation.framework/Versions/A/UIFoundation
0x00000000125c4000 	/System/Library/PrivateFrameworks/DFRFoundation.framework/Versions/A/DFRFoundation
0x00000000125c4000 	/System/Library/Frameworks/Metal.framework/Versions/A/Metal
0x00000000125c4000 	/System/Library/PrivateFrameworks/DesktopServicesPriv.framework/Versions/A/DesktopServicesPriv
0x00000000125c4000 	/usr/lib/libenergytrace.dylib
0x00000000125c4000 	/System/Library/PrivateFrameworks/SkyLight.framework/Versions/A/SkyLight
0x00000000125c4000 	/System/Library/Frameworks/CoreGraphics.framework/Versions/A/CoreGraphics
0x00000000125c4000 	/usr/lib/libScreenReader.dylib
0x00000000125c4000 	/System/Library/Frameworks/Accelerate.framework/Versions/A/Accelerate
0x00000000125c4000 	/System/Library/Frameworks/IOSurface.framework/Versions/A/IOSurface
0x00000000125c4000 	/System/Library/Frameworks/AudioToolbox.framework/Versions/A/AudioToolbox
0x00000000125c4000 	/System/Library/Frameworks/AudioUnit.framework/Versions/A/AudioUnit
0x00000000125c4000 	/System/Library/PrivateFrameworks/DataDetectorsCore.framework/Versions/A/DataDetectorsCore
0x00000000125c4000 	/System/Library/Frameworks/Carbon.framework/Versions/A/Frameworks/HIToolbox.framework/Versions/A/HIToolbox
0x00000000125c4000 	/usr/lib/libicucore.A.dylib
0x00000000125c4000 	/System/Library/Frameworks/QuartzCore.framework/Versions/A/QuartzCore
0x00000000125c4000 	/System/Library/Frameworks/Carbon.framework/Versions/A/Frameworks/SpeechRecognition.framework/Versions/A/SpeechRecognition
0x00000000125c4000 	/usr/lib/libauto.dylib
0x00000000125c4000 	/usr/lib/libxml2.2.dylib
0x00000000125c4000 	/System/Library/PrivateFrameworks/CoreUI.framework/Versions/A/CoreUI
0x00000000125c4000 	/System/Library/Frameworks/CoreAudio.framework/Versions/A/CoreAudio
0x00000000125c4000 	/System/Library/Frameworks/DiskArbitration.framework/Versions/A/DiskArbitration
0x00000000125c4000 	/usr/lib/liblangid.dylib
0x00000000125c4000 	/System/Library/PrivateFrameworks/MultitouchSupport.framework/Versions/A/MultitouchSupport
0x00000000125c4000 	/System/Library/Frameworks/IOKit.framework/Versions/A/IOKit
0x00000000125c4000 	/usr/lib/libDiagnosticMessagesClient.dylib
0x00000000125c4000 	/System/Library/Frameworks/CoreServices.framework/Versions/A/CoreServices
0x00000000125c4000 	/System/Library/PrivateFrameworks/PerformanceAnalysis.framework/Versions/A/PerformanceAnalysis
0x00000000125c4000 	/System/Library/Frameworks/OpenGL.framework/Versions/A/OpenGL
0x00000000125c4000 	/System/Library/Frameworks/ColorSync.framework/Versions/A/ColorSync
0x00000000125c4000 	/System/Library/Frameworks/CoreImage.framework/Versions/A/CoreImage
0x00000000125c4000 	/System/Library/Frameworks/CoreText.framework/Versions/A/CoreText
0x00000000125c4000 	/System/Library/Frameworks/ImageIO.framework/Versions/A/ImageIO
0x00000000125c4000 	/System/Library/PrivateFrameworks/Backup.framework/Versions/A/Backup
0x00000000125c4000 	/usr/lib/libarchive.2.dylib
0x00000000125c4000 	/System/Library/Frameworks/CFNetwork.framework/Versions/A/CFNetwork
0x00000000125c4000 	/System/Library/Frameworks/SystemConfiguration.framework/Versions/A/SystemConfiguration
0x00000000125c4000 	/usr/lib/libCRFSuite.dylib
0x00000000125c4000 	/usr/lib/libc++.1.dylib
0x00000000125c4000 	/usr/lib/libc++abi.dylib
0x00000000125c4000 	/usr/lib/system/libcache.dylib
0x00000000125c4000 	/usr/lib/system/libcommonCrypto.dylib
0x00000000125c4000 	/usr/lib/system/libcompiler_rt.dylib
0x00000000125c4000 	/usr/lib/system/libcopyfile.dylib
0x00000000125c4000 	/usr/lib/system/libcorecrypto.dylib
0x00000000125c4000 	/usr/lib/system/libdispatch.dylib
0x00000000125c4000 	/usr/lib/system/libdyld.dylib
0x00000000125c4000 	/usr/lib/system/libkeymgr.dylib
0x00000000125c4000 	/usr/lib/system/liblaunch.dylib
0x00000000125c4000 	/usr/lib/system/libmacho.dylib
0x00000000125c4000 	/usr/lib/system/libquarantine.dylib
0x00000000125c4000 	/usr/lib/system/libremovefile.dylib
0x00000000125c4000 	/usr/lib/system/libsystem_asl.dylib
0x00000000125c4000 	/usr/lib/system/libsystem_blocks.dylib
0x00000000125c4000 	/usr/lib/system/libsystem_c.dylib
0x00000000125c4000 	/usr/lib/system/libsystem_configuration.dylib
0x00000000125c4000 	/usr/lib/system/libsystem_coreservices.dylib
0x00000000125c4000 	/usr/lib/system/libsystem_darwin.dylib
0x00000000125c4000 	/usr/lib/system/libsystem_dnssd.dylib
0x00000000125c4000 	/usr/lib/system/libsystem_info.dylib
0x00000000125c4000 	/usr/lib/system/libsystem_m.dylib
0x00000000125c4000 	/usr/lib/system/libsystem_malloc.dylib
0x00000000125c4000 	/usr/lib/system/libsystem_network.dylib
0x00000000125c4000 	/usr/lib/system/libsystem_networkextension.dylib
0x00000000125c4000 	/usr/lib/system/libsystem_notify.dylib
0x00000000125c4000 	/usr/lib/system/libsystem_sandbox.dylib
0x00000000125c4000 	/usr/lib/system/libsystem_secinit.dylib
0x00000000125c4000 	/usr/lib/system/libsystem_kernel.dylib
0x00000000125c4000 	/usr/lib/system/libsystem_platform.dylib
0x00000000125c4000 	/usr/lib/system/libsystem_pthread.dylib
0x00000000125c4000 	/usr/lib/system/libsystem_symptoms.dylib
0x00000000125c4000 	/usr/lib/system/libsystem_trace.dylib
0x00000000125c4000 	/usr/lib/system/libunwind.dylib
0x00000000125c4000 	/usr/lib/system/libxpc.dylib
0x00000000125c4000 	/usr/lib/closure/libclosured.dylib
0x00000000125c4000 	/usr/lib/libbsm.0.dylib
0x00000000125c4000 	/usr/lib/system/libkxld.dylib
0x00000000125c4000 	/usr/lib/libOpenScriptingUtil.dylib
0x00000000125c4000 	/usr/lib/libcoretls.dylib
0x00000000125c4000 	/usr/lib/libcoretls_cfhelpers.dylib
0x00000000125c4000 	/usr/lib/libpam.2.dylib
0x00000000125c4000 	/usr/lib/libsqlite3.dylib
0x00000000125c4000 	/usr/lib/libxar.1.dylib
0x00000000125c4000 	/usr/lib/libbz2.1.0.dylib
0x00000000125c4000 	/usr/lib/liblzma.5.dylib
0x00000000125c4000 	/usr/lib/libnetwork.dylib
0x00000000125c4000 	/usr/lib/libapple_nghttp2.dylib
0x00000000125c4000 	/usr/lib/libpcap.A.dylib
0x00000000125c4000 	/usr/lib/libboringssl.dylib
0x00000000125c4000 	/usr/lib/libusrtcp.dylib
0x00000000125c4000 	/usr/lib/libapple_crypto.dylib
0x00000000125c4000 	/System/Library/Frameworks/CoreServices.framework/Versions/A/Frameworks/FSEvents.framework/Versions/A/FSEvents
0x00000000125c4000 	/System/Library/Frameworks/CoreServices.framework/Versions/A/Frameworks/CarbonCore.framework/Versions/A/CarbonCore
0x00000000125c4000 	/System/Library/Frameworks/CoreServices.framework/Versions/A/Frameworks/Metadata.framework/Versions/A/Metadata
0x00000000125c4000 	/System/Library/Frameworks/CoreServices.framework/Versions/A/Frameworks/OSServices.framework/Versions/A/OSServices
0x00000000125c4000 	/System/Library/Frameworks/CoreServices.framework/Versions/A/Frameworks/SearchKit.framework/Versions/A/SearchKit
0x00000000125c4000 	/System/Library/Frameworks/CoreServices.framework/Versions/A/Frameworks/AE.framework/Versions/A/AE
0x00000000125c4000 	/System/Library/Frameworks/CoreServices.framework/Versions/A/Frameworks/LaunchServices.framework/Versions/A/LaunchServices
0x00000000125c4000 	/System/Library/Frameworks/CoreServices.framework/Versions/A/Frameworks/DictionaryServices.framework/Versions/A/DictionaryServices
0x00000000125c4000 	/System/Library/Frameworks/CoreServices.framework/Versions/A/Frameworks/SharedFileList.framework/Versions/A/SharedFileList
0x00000000125c4000 	/System/Library/Frameworks/NetFS.framework/Versions/A/NetFS
0x00000000125c4000 	/System/Library/PrivateFrameworks/NetAuth.framework/Versions/A/NetAuth
0x00000000125c4000 	/System/Library/PrivateFrameworks/login.framework/Versions/A/Frameworks/loginsupport.framework/Versions/A/loginsupport
0x00000000125c4000 	/System/Library/PrivateFrameworks/TCC.framework/Versions/A/TCC
0x00000000125c4000 	/usr/lib/libmecabra.dylib
0x00000000125c4000 	/System/Library/Frameworks/ApplicationServices.framework/Versions/A/Frameworks/ATS.framework/Versions/A/ATS
0x00000000125c4000 	/System/Library/Frameworks/ApplicationServices.framework/Versions/A/Frameworks/ColorSyncLegacy.framework/Versions/A/ColorSyncLegacy
0x00000000125c4000 	/System/Library/Frameworks/ApplicationServices.framework/Versions/A/Frameworks/HIServices.framework/Versions/A/HIServices
0x00000000125c4000 	/System/Library/Frameworks/ApplicationServices.framework/Versions/A/Frameworks/LangAnalysis.framework/Versions/A/LangAnalysis
0x00000000125c4000 	/System/Library/Frameworks/ApplicationServices.framework/Versions/A/Frameworks/PrintCore.framework/Versions/A/PrintCore
0x00000000125c4000 	/System/Library/Frameworks/ApplicationServices.framework/Versions/A/Frameworks/QD.framework/Versions/A/QD
0x00000000125c4000 	/System/Library/Frameworks/ApplicationServices.framework/Versions/A/Frameworks/SpeechSynthesis.framework/Versions/A/SpeechSynthesis
0x00000000125c4000 	/System/Library/Frameworks/CoreDisplay.framework/Versions/A/CoreDisplay
0x00000000125c4000 	/System/Library/Frameworks/Accelerate.framework/Versions/A/Frameworks/vImage.framework/Versions/A/vImage
0x00000000125c4000 	/System/Library/Frameworks/Accelerate.framework/Versions/A/Frameworks/vecLib.framework/Versions/A/vecLib
0x00000000125c4000 	/System/Library/Frameworks/Accelerate.framework/Versions/A/Frameworks/vecLib.framework/Versions/A/libvDSP.dylib
0x00000000125c4000 	/System/Library/Frameworks/Accelerate.framework/Versions/A/Frameworks/vecLib.framework/Versions/A/libBNNS.dylib
0x00000000125c4000 	/System/Library/Frameworks/Accelerate.framework/Versions/A/Frameworks/vecLib.framework/Versions/A/libQuadrature.dylib
0x00000000125c4000 	/System/Library/Frameworks/Accelerate.framework/Versions/A/Frameworks/vecLib.framework/Versions/A/libvMisc.dylib
0x00000000125c4000 	/System/Library/Frameworks/Accelerate.framework/Versions/A/Frameworks/vecLib.framework/Versions/A/libLAPACK.dylib
0x00000000125c4000 	/System/Library/Frameworks/Accelerate.framework/Versions/A/Frameworks/vecLib.framework/Versions/A/libBLAS.dylib
0x00000000125c4000 	/System/Library/Frameworks/Accelerate.framework/Versions/A/Frameworks/vecLib.framework/Versions/A/libLinearAlgebra.dylib
0x00000000125c4000 	/System/Library/Frameworks/Accelerate.framework/Versions/A/Frameworks/vecLib.framework/Versions/A/libSparse.dylib
0x00000000125c4000 	/System/Library/Frameworks/Accelerate.framework/Versions/A/Frameworks/vecLib.framework/Versions/A/libSparseBLAS.dylib
0x00000000125c4000 	/System/Library/PrivateFrameworks/IOAccelerator.framework/Versions/A/IOAccelerator
0x00000000125c4000 	/System/Library/PrivateFrameworks/IOPresentment.framework/Versions/A/IOPresentment
0x00000000125c4000 	/System/Library/PrivateFrameworks/DSExternalDisplay.framework/Versions/A/DSExternalDisplay
0x00000000125c4000 	/System/Library/Frameworks/OpenGL.framework/Versions/A/Libraries/libCoreFSCache.dylib
0x00000000125c4000 	/System/Library/Frameworks/CoreVideo.framework/Versions/A/CoreVideo
0x00000000125c4000 	/System/Library/PrivateFrameworks/GraphVisualizer.framework/Versions/A/GraphVisualizer
0x00000000125c4000 	/System/Library/Frameworks/MetalPerformanceShaders.framework/Versions/A/MetalPerformanceShaders
0x00000000125c4000 	/usr/lib/libFosl_dynamic.dylib
0x00000000125c4000 	/System/Library/PrivateFrameworks/FaceCore.framework/Versions/A/FaceCore
0x00000000125c4000 	/System/Library/Frameworks/OpenCL.framework/Versions/A/OpenCL
0x00000000125c4000 	/usr/lib/libcompression.dylib
0x00000000125c4000 	/System/Library/Frameworks/ApplicationServices.framework/Versions/A/Frameworks/ATS.framework/Versions/A/Resources/libFontParser.dylib
0x00000000125c4000 	/System/Library/Frameworks/ApplicationServices.framework/Versions/A/Frameworks/ATS.framework/Versions/A/Resources/libFontRegistry.dylib
0x00000000125c4000 	/System/Library/Frameworks/ImageIO.framework/Versions/A/Resources/libJPEG.dylib
0x00000000125c4000 	/System/Library/Frameworks/ImageIO.framework/Versions/A/Resources/libTIFF.dylib
0x00000000125c4000 	/System/Library/Frameworks/ImageIO.framework/Versions/A/Resources/libPng.dylib
0x00000000125c4000 	/System/Library/Frameworks/ImageIO.framework/Versions/A/Resources/libGIF.dylib
0x00000000125c4000 	/System/Library/Frameworks/ImageIO.framework/Versions/A/Resources/libJP2.dylib
0x00000000125c4000 	/System/Library/Frameworks/ImageIO.framework/Versions/A/Resources/libRadiance.dylib
0x00000000125c4000 	/System/Library/PrivateFrameworks/AppleJPEG.framework/Versions/A/AppleJPEG
0x00000000125c4000 	/System/Library/PrivateFrameworks/MetalTools.framework/Versions/A/MetalTools
0x00000000125c4000 	/System/Library/Frameworks/MetalPerformanceShaders.framework/Frameworks/MPSCore.framework/Versions/A/MPSCore
0x00000000125c4000 	/System/Library/Frameworks/MetalPerformanceShaders.framework/Frameworks/MPSImage.framework/Versions/A/MPSImage
0x00000000125c4000 	/System/Library/Frameworks/MetalPerformanceShaders.framework/Frameworks/MPSMatrix.framework/Versions/A/MPSMatrix
0x00000000125c4000 	/System/Library/Frameworks/MetalPerformanceShaders.framework/Frameworks/MPSNeuralNetwork.framework/Versions/A/MPSNeuralNetwork
0x00000000125c4000 	/System/Library/Frameworks/OpenGL.framework/Versions/A/Libraries/libGLU.dylib
0x00000000125c4000 	/System/Library/Frameworks/OpenGL.framework/Versions/A/Libraries/libGFXShared.dylib
0x00000000125c4000 	/System/Library/Frameworks/OpenGL.framework/Versions/A/Libraries/libGL.dylib
0x00000000125c4000 	/System/Library/Frameworks/OpenGL.framework/Versions/A/Libraries/libGLImage.dylib
0x00000000125c4000 	/System/Library/Frameworks/OpenGL.framework/Versions/A/Libraries/libCVMSPluginSupport.dylib
0x00000000125c4000 	/System/Library/Frameworks/OpenGL.framework/Versions/A/Libraries/libCoreVMClient.dylib
0x00000000125c4000 	/usr/lib/libcups.2.dylib
0x00000000125c4000 	/System/Library/Frameworks/Kerberos.framework/Versions/A/Kerberos
0x00000000125c4000 	/System/Library/Frameworks/GSS.framework/Versions/A/GSS
0x00000000125c4000 	/usr/lib/libresolv.9.dylib
0x00000000125c4000 	/usr/lib/libiconv.2.dylib
0x00000000125c4000 	/System/Library/PrivateFrameworks/Heimdal.framework/Versions/A/Heimdal
0x00000000125c4000 	/usr/lib/libheimdal-asn1.dylib
0x00000000125c4000 	/System/Library/Frameworks/OpenDirectory.framework/Versions/A/OpenDirectory
0x00000000125c4000 	/System/Library/PrivateFrameworks/CommonAuth.framework/Versions/A/CommonAuth
0x00000000125c4000 	/System/Library/Frameworks/OpenDirectory.framework/Versions/A/Frameworks/CFOpenDirectory.framework/Versions/A/CFOpenDirectory
0x00000000125c4000 	/System/Library/Frameworks/SecurityFoundation.framework/Versions/A/SecurityFoundation
0x00000000125c4000 	/System/Library/PrivateFrameworks/APFS.framework/Versions/A/APFS
0x00000000125c4000 	/usr/lib/libutil.dylib
0x00000000125c4000 	/System/Library/PrivateFrameworks/AppleSauce.framework/Versions/A/AppleSauce
0x00000000125c4000 	/System/Library/PrivateFrameworks/LinguisticData.framework/Versions/A/LinguisticData
0x00000000125c4000 	/usr/lib/libmarisa.dylib
0x00000000125c4000 	/System/Library/PrivateFrameworks/Lexicon.framework/Versions/A/Lexicon
0x00000000125c4000 	/usr/lib/libChineseTokenizer.dylib
0x00000000125c4000 	/usr/lib/libcmph.dylib
0x00000000125c4000 	/System/Library/PrivateFrameworks/LanguageModeling.framework/Versions/A/LanguageModeling
0x00000000125c4000 	/System/Library/PrivateFrameworks/CoreEmoji.framework/Versions/A/CoreEmoji
0x00000000125c4000 	/System/Library/Frameworks/ServiceManagement.framework/Versions/A/ServiceManagement
0x00000000125c4000 	/System/Library/PrivateFrameworks/BackgroundTaskManagement.framework/Versions/A/BackgroundTaskManagement
0x00000000125c4000 	/usr/lib/libxslt.1.dylib
0x00000000125c4000 	/System/Library/Frameworks/Carbon.framework/Versions/A/Frameworks/Ink.framework/Versions/A/Ink
0x00000000125c4000 	/System/Library/PrivateFrameworks/TextureIO.framework/Versions/A/TextureIO
0x00000000125c4000 	/usr/lib/libate.dylib
0x00000000125c4000 	/System/Library/PrivateFrameworks/CrashReporterSupport.framework/Versions/A/CrashReporterSupport
0x00000000125c4000 	/System/Library/PrivateFrameworks/Sharing.framework/Versions/A/Sharing
0x00000000125c4000 	/System/Library/PrivateFrameworks/IconServices.framework/Versions/A/IconServices
0x00000000125c4000 	/System/Library/PrivateFrameworks/ProtocolBuffer.framework/Versions/A/ProtocolBuffer
0x00000000125c4000 	/System/Library/PrivateFrameworks/Apple80211.framework/Versions/A/Apple80211
0x00000000125c4000 	/System/Library/Frameworks/CoreWLAN.framework/Versions/A/CoreWLAN
0x00000000125c4000 	/System/Library/PrivateFrameworks/CoreUtils.framework/Versions/A/CoreUtils
0x00000000125c4000 	/System/Library/Frameworks/IOBluetooth.framework/Versions/A/IOBluetooth
0x00000000125c4000 	/System/Library/PrivateFrameworks/CoreWiFi.framework/Versions/A/CoreWiFi
0x00000000125c4000 	/System/Library/Frameworks/CoreBluetooth.framework/Versions/A/CoreBluetooth
0x00000000125c4000 	/System/Library/PrivateFrameworks/SignpostNotification.framework/Versions/A/SignpostNotification
0x00000000125c4000 	/System/Library/PrivateFrameworks/DebugSymbols.framework/Versions/A/DebugSymbols
0x00000000125c4000 	/System/Library/PrivateFrameworks/CoreSymbolication.framework/Versions/A/CoreSymbolication
0x00000000125c4000 	/System/Library/PrivateFrameworks/Symbolication.framework/Versions/A/Symbolication
0x00000000125c4000 	/System/Library/PrivateFrameworks/AppleFSCompression.framework/Versions/A/AppleFSCompression
0x00000000125c4000 	/System/Library/PrivateFrameworks/SpeechRecognitionCore.framework/Versions/A/SpeechRecognitionCore
0x0000000102800000 	/Library/Java/JavaVirtualMachines/jdk1.8.0_121.jdk/Contents/Home/jre/lib/server/libjvm.dylib
0x00000000125c4000 	/usr/lib/libstdc++.6.0.9.dylib
0x0000000101e57000 	/Library/Java/JavaVirtualMachines/jdk1.8.0_121.jdk/Contents/Home/jre/lib/libverify.dylib
0x0000000101e65000 	/Library/Java/JavaVirtualMachines/jdk1.8.0_121.jdk/Contents/Home/jre/lib/libjava.dylib
0x0000000101e9b000 	/Library/Java/JavaVirtualMachines/jdk1.8.0_121.jdk/Contents/Home/jre/lib/libinstrument.dylib
0x0000000101f39000 	/Library/Java/JavaVirtualMachines/jdk1.8.0_121.jdk/Contents/Home/jre/lib/libzip.dylib
0x00000000125c4000 	/System/Library/Frameworks/JavaVM.framework/Versions/A/Frameworks/JavaRuntimeSupport.framework/Versions/A/JavaRuntimeSupport
0x00000000125c4000 	/System/Library/Frameworks/JavaVM.framework/Versions/A/Frameworks/JavaNativeFoundation.framework/Versions/A/JavaNativeFoundation
0x00000000125c4000 	/System/Library/Frameworks/JavaVM.framework/Versions/A/JavaVM
0x00000000125c4000 	/System/Library/Frameworks/Carbon.framework/Versions/A/Carbon
0x00000000125c4000 	/System/Library/PrivateFrameworks/JavaLaunching.framework/Versions/A/JavaLaunching
0x00000000125c4000 	/System/Library/Frameworks/Carbon.framework/Versions/A/Frameworks/CommonPanels.framework/Versions/A/CommonPanels
0x00000000125c4000 	/System/Library/Frameworks/Carbon.framework/Versions/A/Frameworks/Help.framework/Versions/A/Help
0x00000000125c4000 	/System/Library/Frameworks/Carbon.framework/Versions/A/Frameworks/ImageCapture.framework/Versions/A/ImageCapture
0x00000000125c4000 	/System/Library/Frameworks/Carbon.framework/Versions/A/Frameworks/OpenScripting.framework/Versions/A/OpenScripting
0x00000000125c4000 	/System/Library/Frameworks/Carbon.framework/Versions/A/Frameworks/Print.framework/Versions/A/Print
0x00000000125c4000 	/System/Library/Frameworks/Carbon.framework/Versions/A/Frameworks/SecurityHI.framework/Versions/A/SecurityHI
0x000000011ac09000 	/Library/Java/JavaVirtualMachines/jdk1.8.0_121.jdk/Contents/Home/jre/lib/libnet.dylib
0x000000011ac68000 	/Library/Java/JavaVirtualMachines/jdk1.8.0_121.jdk/Contents/Home/jre/lib/libawt.dylib
0x000000011ad10000 	/Library/Java/JavaVirtualMachines/jdk1.8.0_121.jdk/Contents/Home/jre/lib/./libmlib_image.dylib
0x000000011addc000 	/Library/Java/JavaVirtualMachines/jdk1.8.0_121.jdk/Contents/Home/jre/lib/libawt_lwawt.dylib
0x000000011ae93000 	/Library/Java/JavaVirtualMachines/jdk1.8.0_121.jdk/Contents/Home/jre/lib/./libosxapp.dylib
0x00000000125c4000 	/System/Library/Frameworks/ExceptionHandling.framework/Versions/A/ExceptionHandling
0x00000000125c4000 	/System/Library/PrivateFrameworks/CoreServicesInternal.framework/Versions/A/CoreServicesInternal
0x00000000125c4000 	/System/Library/CoreServices/RawCamera.bundle/Contents/MacOS/RawCamera
0x00000000125c4000 	/System/Library/PrivateFrameworks/MobileAsset.framework/Versions/A/MobileAsset
0x00000000125c4000 	/System/Library/PrivateFrameworks/StreamingZip.framework/Versions/A/StreamingZip
0x00000000125c4000 	/System/Library/Frameworks/MediaToolbox.framework/Versions/A/MediaToolbox
0x00000000125c4000 	/System/Library/PrivateFrameworks/CoreAVCHD.framework/Versions/A/CoreAVCHD
0x00000000125c4000 	/System/Library/Frameworks/MediaAccessibility.framework/Versions/A/MediaAccessibility
0x00000000125c4000 	/System/Library/PrivateFrameworks/Mangrove.framework/Versions/A/Mangrove
0x00000000125c4000 	/System/Library/Frameworks/CoreMedia.framework/Versions/A/CoreMedia
0x00000000125c4000 	/System/Library/Frameworks/VideoToolbox.framework/Versions/A/VideoToolbox
0x00000000125c4000 	/System/Library/PrivateFrameworks/CoreAUC.framework/Versions/A/CoreAUC
0x00000000125c4000 	/usr/lib/libspindump.dylib
0x00000000125c4000 	/usr/lib/libdscsym.dylib
0x00000000125c4000 	/System/Library/PrivateFrameworks/AppleVA.framework/Versions/A/AppleVA
0x00000000125c4000 	/System/Library/Frameworks/Accelerate.framework/Versions/A/Frameworks/vImage.framework/Versions/A/Libraries/libCGInterfaces.dylib
0x00000000125c4000 	/System/Library/Frameworks/ApplicationServices.framework/Versions/A/Frameworks/ATS.framework/Versions/A/Resources/libTrueTypeScaler.dylib
0x00000000125c4000 	/System/Library/Frameworks/OpenGL.framework/Versions/A/Resources/GLEngine.bundle/GLEngine
0x00000000125c4000 	/System/Library/Frameworks/OpenGL.framework/Versions/A/Libraries/libGLProgrammability.dylib
0x000000011d136000 	/System/Library/Extensions/AppleIntelBDWGraphicsGLDriver.bundle/Contents/MacOS/AppleIntelBDWGraphicsGLDriver
0x00000000125c4000 	/System/Library/PrivateFrameworks/GPUSupport.framework/Versions/A/Libraries/libGPUSupportMercury.dylib
0x00000000125c4000 	/System/Library/Frameworks/OpenGL.framework/Versions/A/Resources/GLRendererFloat.bundle/GLRendererFloat
0x00000000125c4000 	/System/Library/Frameworks/OpenCL.framework/Versions/A/Libraries/libcldcpuengine.dylib
0x00000000125c4000 	/usr/lib/libcrypto.35.dylib
0x00000000125c4000 	/System/Library/PrivateFrameworks/TrustEvaluationAgent.framework/Versions/A/TrustEvaluationAgent
0x00000000125c4000 	/System/Library/Extensions/AppleIntelBDWGraphicsMTLDriver.bundle/Contents/MacOS/AppleIntelBDWGraphicsMTLDriver
0x00000000125c4000 	/System/Library/PrivateFrameworks/GPUCompiler.framework/Versions/3802/Libraries/libmetal_timestamp.dylib
0x00000000125c4000 	/System/Library/PrivateFrameworks/FamilyControls.framework/Versions/A/FamilyControls
0x00000000125c4000 	/System/Library/PrivateFrameworks/CommerceKit.framework/Versions/A/Frameworks/CommerceCore.framework/Versions/A/CommerceCore
0x00000000125c4000 	/System/Library/PrivateFrameworks/SystemAdministration.framework/Versions/A/SystemAdministration
0x00000000125c4000 	/System/Library/PrivateFrameworks/AppContainer.framework/Versions/A/AppContainer
0x00000000125c4000 	/System/Library/PrivateFrameworks/SecCodeWrapper.framework/Versions/A/SecCodeWrapper
0x00000000125c4000 	/System/Library/PrivateFrameworks/DiskManagement.framework/Versions/A/DiskManagement
0x00000000125c4000 	/System/Library/Frameworks/DirectoryService.framework/Versions/A/DirectoryService
0x00000000125c4000 	/System/Library/PrivateFrameworks/DiskImages.framework/Versions/A/DiskImages
0x00000000125c4000 	/System/Library/PrivateFrameworks/LoginUIKit.framework/Versions/A/Frameworks/LoginUICore.framework/Versions/A/LoginUICore
0x00000000125c4000 	/usr/lib/libCoreStorage.dylib
0x00000000125c4000 	/usr/lib/libcsfde.dylib
0x00000000125c4000 	/usr/lib/libodfde.dylib
0x00000000125c4000 	/System/Library/PrivateFrameworks/MediaKit.framework/Versions/A/MediaKit
0x00000000125c4000 	/System/Library/Frameworks/DiscRecording.framework/Versions/A/DiscRecording
0x00000000125c4000 	/System/Library/PrivateFrameworks/EFILogin.framework/Versions/A/EFILogin
0x00000000125c4000 	/System/Library/PrivateFrameworks/ProtectedCloudStorage.framework/Versions/A/ProtectedCloudStorage
0x00000000125c4000 	/usr/lib/libcurl.4.dylib
0x00000000125c4000 	/usr/lib/libssl.35.dylib
0x00000000125c4000 	/System/Library/Frameworks/LDAP.framework/Versions/A/LDAP
0x00000000125c4000 	/usr/lib/libsasl2.2.dylib
0x00000000125c4000 	/System/Library/PrivateFrameworks/CoreDaemon.framework/Versions/B/CoreDaemon
0x00000000125c4000 	/System/Library/PrivateFrameworks/AppleSRP.framework/Versions/A/AppleSRP
0x00000000125c4000 	/System/Library/PrivateFrameworks/ViewBridge.framework/Versions/A/ViewBridge
0x000000011bbf3000 	/Library/Java/JavaVirtualMachines/jdk1.8.0_121.jdk/Contents/Home/jre/lib/libfontmanager.dylib
0x000000011bc5a000 	/Users/bradley.hjelmar/Documents/jars/lwjgl-2.9.3/native/macosx/liblwjgl.dylib
0x000000011b2e2000 	/Library/Java/JavaVirtualMachines/jdk1.8.0_121.jdk/Contents/Home/jre/lib/libjawt.dylib

VM Arguments:
jvm_args: -Djava.library.path=/Users/bradley.hjelmar/Documents/jars/lwjgl-2.9.3/native/macosx -javaagent:/Applications/IntelliJ IDEA.app/Contents/lib/idea_rt.jar=49515:/Applications/IntelliJ IDEA.app/Contents/bin -Dfile.encoding=UTF-8 
java_command: com.base.engine.MainComponent
java_class_path (initial): /Library/Java/JavaVirtualMachines/jdk1.8.0_121.jdk/Contents/Home/jre/lib/charsets.jar:/Library/Java/JavaVirtualMachines/jdk1.8.0_121.jdk/Contents/Home/jre/lib/deploy.jar:/Library/Java/JavaVirtualMachines/jdk1.8.0_121.jdk/Contents/Home/jre/lib/ext/cldrdata.jar:/Library/Java/JavaVirtualMachines/jdk1.8.0_121.jdk/Contents/Home/jre/lib/ext/dnsns.jar:/Library/Java/JavaVirtualMachines/jdk1.8.0_121.jdk/Contents/Home/jre/lib/ext/jaccess.jar:/Library/Java/JavaVirtualMachines/jdk1.8.0_121.jdk/Contents/Home/jre/lib/ext/jfxrt.jar:/Library/Java/JavaVirtualMachines/jdk1.8.0_121.jdk/Contents/Home/jre/lib/ext/localedata.jar:/Library/Java/JavaVirtualMachines/jdk1.8.0_121.jdk/Contents/Home/jre/lib/ext/nashorn.jar:/Library/Java/JavaVirtualMachines/jdk1.8.0_121.jdk/Contents/Home/jre/lib/ext/sunec.jar:/Library/Java/JavaVirtualMachines/jdk1.8.0_121.jdk/Contents/Home/jre/lib/ext/sunjce_provider.jar:/Library/Java/JavaVirtualMachines/jdk1.8.0_121.jdk/Contents/Home/jre/lib/ext/sunpkcs11.jar:/Library/Java/JavaVirtualMachines/jdk1.8.0_121.jdk/Contents/Home/jre/lib/ext/zipfs.jar:/Library/Java/JavaVirtualMachines/jdk1.8.0_121.jdk/Contents/Home/jre/lib/javaws.jar:/Library/Java/JavaVirtualMachines/jdk1.8.0_121.jdk/Contents/Home/jre/lib/jce.jar:/Library/Java/JavaVirtualMachines/jdk1.8.0_121.jdk/Contents/Home/jre/lib/jfr.jar:/Library/Java/JavaVirtualMachines/jdk1.8.0_121.jdk/Contents/Home/jre/lib/jfxswt.jar:/Library/Java/JavaVirtualMachines/jdk1.8.0_121.jdk/Contents/Home/jre/lib/jsse.jar:/Library/Java/JavaVirtualMachines/jdk1.8.0_121.jdk/Contents/Home/jre/lib/management-agent.jar:/Library/Java/JavaVirtualMachines/jdk1.8.0_121.jdk/Contents/Home/jre/lib/plugin.jar:/Library/Java/JavaVirtualMachines/jdk1.8.0_121.jdk/Contents/Home/jre/lib/resources.jar:/Library/Java/JavaVirtualMachines/jdk1.8.0_121.jdk/Contents/Home/jre/lib/rt.jar:/Library/Java/JavaVirtualMachines/jdk1.8.0_121.jdk/Contents/Home/lib/ant-javafx.jar:/Library/Java/JavaVirtualMachines/jdk1.8.0_121.jdk/Contents/Home
Launcher Type: SUN_STANDARD

Environment Variables:
PATH=/Library/Frameworks/Python.framework/Versions/3.6/bin:/Library/Frameworks/Python.framework/Versions/2.7/bin:/usr/local/bin:/usr/bin:/bin:/usr/sbin:/sbin:/Users/bradley.hjelmar/Downloads/apache-maven-3.5.0/bin
SHELL=/bin/bash

Signal Handlers:
SIGSEGV: [libjvm.dylib+0x5b1141], sa_mask[0]=11111111011111110111111111111111, sa_flags=SA_ONSTACK|SA_RESTART|SA_SIGINFO
SIGBUS: [libjvm.dylib+0x5b1141], sa_mask[0]=11111111011111110111111111111111, sa_flags=SA_RESTART|SA_SIGINFO
SIGFPE: [libjvm.dylib+0x487bc4], sa_mask[0]=11111111011111110111111111111111, sa_flags=SA_RESTART|SA_SIGINFO
SIGPIPE: [libjvm.dylib+0x487bc4], sa_mask[0]=11111111011111110111111111111111, sa_flags=SA_RESTART|SA_SIGINFO
SIGXFSZ: [libjvm.dylib+0x487bc4], sa_mask[0]=11111111011111110111111111111111, sa_flags=SA_RESTART|SA_SIGINFO
SIGILL: [libjvm.dylib+0x487bc4], sa_mask[0]=11111111011111110111111111111111, sa_flags=SA_RESTART|SA_SIGINFO
SIGUSR1: SIG_DFL, sa_mask[0]=00000000000000000000000000000000, sa_flags=none
SIGUSR2: [libjvm.dylib+0x4876e2], sa_mask[0]=00100000000000000000000000000000, sa_flags=SA_RESTART|SA_SIGINFO
SIGHUP: [libjvm.dylib+0x485cb9], sa_mask[0]=11111111011111110111111111111111, sa_flags=SA_RESTART|SA_SIGINFO
SIGINT: [libjvm.dylib+0x485cb9], sa_mask[0]=11111111011111110111111111111111, sa_flags=SA_RESTART|SA_SIGINFO
SIGTERM: [libjvm.dylib+0x485cb9], sa_mask[0]=11111111011111110111111111111111, sa_flags=SA_RESTART|SA_SIGINFO
SIGQUIT: [libjvm.dylib+0x485cb9], sa_mask[0]=11111111011111110111111111111111, sa_flags=SA_RESTART|SA_SIGINFO


---------------  S Y S T E M  ---------------

OS:Bsduname:Darwin 17.4.0 Darwin Kernel Version 17.4.0: Sun Dec 17 09:19:54 PST 2017; root:xnu-4570.41.2~1/RELEASE_X86_64 x86_64
rlimit: STACK 8192k, CORE 0k, NPROC 709, NOFILE 10240, AS infinity
load average:2.15 2.81 3.14

CPU:total 4 (2 cores per cpu, 2 threads per core) family 6 model 61 stepping 4, cmov, cx8, fxsr, mmx, sse, sse2, sse3, ssse3, sse4.1, sse4.2, popcnt, avx, avx2, aes, clmul, erms, rtm, 3dnowpref, lzcnt, ht, tsc, tscinvbit, bmi1, bmi2, adx

Memory: 4k page, physical 8388608k(43652k free)

/proc/meminfo:


vm_info: Java HotSpot(TM) 64-Bit Server VM (25.121-b13) for bsd-amd64 JRE (1.8.0_121-b13), built on Dec 12 2016 20:39:32 by "java_re" with gcc 4.2.1 (Based on Apple Inc. build 5658) (LLVM build 2336.11.00)

time: Fri Mar 16 17:51:47 2018
elapsed time: 3 seconds (0d 0h 0m 3s)

